

Started GET "/" for ::1 at 2015-03-11 18:09:53 -0700

PG::ConnectionBad - FATAL:  database "NinetyNineCats_development" does not exist
:
  activerecord (4.2.0) lib/active_record/connection_adapters/postgresql_adapter.rb:651:in `connect'
  activerecord (4.2.0) lib/active_record/connection_adapters/postgresql_adapter.rb:242:in `initialize'
  activerecord (4.2.0) lib/active_record/connection_adapters/postgresql_adapter.rb:44:in `postgresql_connection'
  activerecord (4.2.0) lib/active_record/connection_adapters/abstract/connection_pool.rb:436:in `new_connection'
  activerecord (4.2.0) lib/active_record/connection_adapters/abstract/connection_pool.rb:446:in `checkout_new_connection'
  activerecord (4.2.0) lib/active_record/connection_adapters/abstract/connection_pool.rb:422:in `acquire_connection'
  activerecord (4.2.0) lib/active_record/connection_adapters/abstract/connection_pool.rb:349:in `block in checkout'
  /Users/Scott/.rbenv/versions/2.1.2/lib/ruby/2.1.0/monitor.rb:211:in `mon_synchronize'
  activerecord (4.2.0) lib/active_record/connection_adapters/abstract/connection_pool.rb:348:in `checkout'
  activerecord (4.2.0) lib/active_record/connection_adapters/abstract/connection_pool.rb:263:in `block in connection'
  /Users/Scott/.rbenv/versions/2.1.2/lib/ruby/2.1.0/monitor.rb:211:in `mon_synchronize'
  activerecord (4.2.0) lib/active_record/connection_adapters/abstract/connection_pool.rb:262:in `connection'
  activerecord (4.2.0) lib/active_record/connection_adapters/abstract/connection_pool.rb:565:in `retrieve_connection'
  activerecord (4.2.0) lib/active_record/connection_handling.rb:113:in `retrieve_connection'
  activerecord (4.2.0) lib/active_record/connection_handling.rb:87:in `connection'
  activerecord (4.2.0) lib/active_record/migration.rb:384:in `connection'
  activerecord (4.2.0) lib/active_record/migration.rb:371:in `call'
  actionpack (4.2.0) lib/action_dispatch/middleware/callbacks.rb:29:in `block in call'
  activesupport (4.2.0) lib/active_support/callbacks.rb:88:in `_run_callbacks'
  activesupport (4.2.0) lib/active_support/callbacks.rb:734:in `_run_call_callbacks'
  activesupport (4.2.0) lib/active_support/callbacks.rb:81:in `run_callbacks'
  actionpack (4.2.0) lib/action_dispatch/middleware/callbacks.rb:27:in `call'
  actionpack (4.2.0) lib/action_dispatch/middleware/reloader.rb:73:in `call'
  actionpack (4.2.0) lib/action_dispatch/middleware/remote_ip.rb:78:in `call'
  better_errors (2.1.1) lib/better_errors/middleware.rb:84:in `protected_app_call'
  better_errors (2.1.1) lib/better_errors/middleware.rb:79:in `better_errors_call'
  better_errors (2.1.1) lib/better_errors/middleware.rb:57:in `call'
  actionpack (4.2.0) lib/action_dispatch/middleware/debug_exceptions.rb:17:in `call'
  web-console (2.1.1) lib/web_console/middleware.rb:37:in `call'
  actionpack (4.2.0) lib/action_dispatch/middleware/show_exceptions.rb:30:in `call'
  railties (4.2.0) lib/rails/rack/logger.rb:38:in `call_app'
  railties (4.2.0) lib/rails/rack/logger.rb:20:in `block in call'
  activesupport (4.2.0) lib/active_support/tagged_logging.rb:68:in `block in tagged'
  activesupport (4.2.0) lib/active_support/tagged_logging.rb:26:in `tagged'
  activesupport (4.2.0) lib/active_support/tagged_logging.rb:68:in `tagged'
  railties (4.2.0) lib/rails/rack/logger.rb:20:in `call'
  quiet_assets (1.1.0) lib/quiet_assets.rb:27:in `call_with_quiet_assets'
  actionpack (4.2.0) lib/action_dispatch/middleware/request_id.rb:21:in `call'
  rack (1.6.0) lib/rack/methodoverride.rb:22:in `call'
  rack (1.6.0) lib/rack/runtime.rb:18:in `call'
  activesupport (4.2.0) lib/active_support/cache/strategy/local_cache_middleware.rb:28:in `call'
  rack (1.6.0) lib/rack/lock.rb:17:in `call'
  actionpack (4.2.0) lib/action_dispatch/middleware/static.rb:113:in `call'
  rack (1.6.0) lib/rack/sendfile.rb:113:in `call'
  railties (4.2.0) lib/rails/engine.rb:518:in `call'
  railties (4.2.0) lib/rails/application.rb:164:in `call'
  rack (1.6.0) lib/rack/lock.rb:17:in `call'
  rack (1.6.0) lib/rack/content_length.rb:15:in `call'
  rack (1.6.0) lib/rack/handler/webrick.rb:89:in `service'
  /Users/Scott/.rbenv/versions/2.1.2/lib/ruby/2.1.0/webrick/httpserver.rb:138:in `service'
  /Users/Scott/.rbenv/versions/2.1.2/lib/ruby/2.1.0/webrick/httpserver.rb:94:in `run'
  /Users/Scott/.rbenv/versions/2.1.2/lib/ruby/2.1.0/webrick/server.rb:295:in `block in start_thread'



Started POST "/__better_errors/28cd24b1c2ebc57d/variables" for ::1 at 2015-03-11 18:09:53 -0700
  [1m[36m (351.3ms)[0m  [1mCREATE DATABASE "NinetyNineCats_development" ENCODING = 'unicode'[0m
  [1m[36m (9.4ms)[0m  [1mCREATE TABLE "schema_migrations" ("version" character varying NOT NULL) [0m
  [1m[35m (2.0ms)[0m  CREATE UNIQUE INDEX  "unique_schema_migrations" ON "schema_migrations"  ("version")
  [1m[36mActiveRecord::SchemaMigration Load (0.3ms)[0m  [1mSELECT "schema_migrations".* FROM "schema_migrations"[0m
Migrating to CreateCats (20150310180025)
  [1m[35m (0.4ms)[0m  BEGIN
DEPRECATION WARNING: `#timestamp` was called without specifying an option for `null`. In Rails 5, this behavior will change to `null: false`. You should manually specify `null: true` to prevent the behavior of your existing migrations from changing. (called from block in change at /Users/Scott/Copy/appacademy/daily_work/w4d3/99cats/db/migrate/20150310180025_create_cats.rb:10)
  [1m[36m (6.7ms)[0m  [1mCREATE TABLE "cats" ("id" serial primary key, "birth_date" timestamp NOT NULL, "color" character varying NOT NULL, "name" character varying NOT NULL, "sex" character varying NOT NULL, "description" text, "created_at" timestamp, "updated_at" timestamp) [0m
  [1m[35mSQL (1.5ms)[0m  INSERT INTO "schema_migrations" ("version") VALUES ($1)  [["version", "20150310180025"]]
  [1m[36m (0.5ms)[0m  [1mCOMMIT[0m
Migrating to CreateCatRentalRequests (20150310211105)
  [1m[35m (0.2ms)[0m  BEGIN
  [1m[36m (3.4ms)[0m  [1mCREATE TABLE "cat_rental_requests" ("id" serial primary key, "cat_id" integer NOT NULL, "start_date" timestamp NOT NULL, "end_date" timestamp NOT NULL, "status" character varying DEFAULT 'PENDING' NOT NULL, "created_at" timestamp NOT NULL, "updated_at" timestamp NOT NULL) [0m
  [1m[35m (0.8ms)[0m  CREATE  INDEX  "index_cat_rental_requests_on_cat_id" ON "cat_rental_requests"  ("cat_id")
  [1m[36mSQL (0.2ms)[0m  [1mINSERT INTO "schema_migrations" ("version") VALUES ($1)[0m  [["version", "20150310211105"]]
  [1m[35m (0.4ms)[0m  COMMIT
Migrating to CreateUsers (20150311174253)
  [1m[36m (0.2ms)[0m  [1mBEGIN[0m
  [1m[35m (4.0ms)[0m  CREATE TABLE "users" ("id" serial primary key, "user_name" character varying NOT NULL, "password_digest" character varying NOT NULL, "session_token" character varying NOT NULL, "created_at" timestamp NOT NULL, "updated_at" timestamp NOT NULL) 
  [1m[36m (0.9ms)[0m  [1mCREATE UNIQUE INDEX  "index_users_on_session_token" ON "users"  ("session_token")[0m
  [1m[35mSQL (0.1ms)[0m  INSERT INTO "schema_migrations" ("version") VALUES ($1)  [["version", "20150311174253"]]
  [1m[36m (0.4ms)[0m  [1mCOMMIT[0m
Migrating to AddRowToCats (20150311211749)
  [1m[35m (0.2ms)[0m  BEGIN
  [1m[36m (2.4ms)[0m  [1mALTER TABLE "cats" ADD "user_id" integer[0m
  [1m[35m (0.9ms)[0m  CREATE  INDEX  "index_cats_on_user_id" ON "cats"  ("user_id")
  [1m[36mSQL (0.1ms)[0m  [1mINSERT INTO "schema_migrations" ("version") VALUES ($1)[0m  [["version", "20150311211749"]]
  [1m[35m (0.3ms)[0m  COMMIT
Migrating to AddColumnToCrr (20150311214737)
  [1m[36m (0.1ms)[0m  [1mBEGIN[0m
  [1m[35m (0.3ms)[0m  ALTER TABLE "cat_rental_requests" ADD "user_id" integer
  [1m[36m (1.4ms)[0m  [1mCREATE  INDEX  "index_cat_rental_requests_on_user_id" ON "cat_rental_requests"  ("user_id")[0m
  [1m[35mSQL (0.1ms)[0m  INSERT INTO "schema_migrations" ("version") VALUES ($1)  [["version", "20150311214737"]]
  [1m[36m (0.4ms)[0m  [1mCOMMIT[0m
Migrating to CreateSessions (20150311222934)
  [1m[35m (0.1ms)[0m  BEGIN
  [1m[36m (3.5ms)[0m  [1mCREATE TABLE "sessions" ("id" serial primary key, "user_id" integer NOT NULL, "token" character varying NOT NULL, "created_at" timestamp NOT NULL, "updated_at" timestamp NOT NULL) [0m
  [1m[35m (0.9ms)[0m  CREATE UNIQUE INDEX  "index_sessions_on_token" ON "sessions"  ("token")
  [1m[36m (0.8ms)[0m  [1mCREATE  INDEX  "index_sessions_on_user_id" ON "sessions"  ("user_id")[0m
  [1m[35mSQL (0.1ms)[0m  INSERT INTO "schema_migrations" ("version") VALUES ($1)  [["version", "20150311222934"]]
  [1m[36m (0.3ms)[0m  [1mCOMMIT[0m
Migrating to DeleteSessionTokenFromUsers (20150311224325)
  [1m[35m (0.2ms)[0m  BEGIN
  [1m[36m (1.4ms)[0m  [1mALTER TABLE "users" DROP "session_token"[0m
  [1m[35mSQL (0.1ms)[0m  INSERT INTO "schema_migrations" ("version") VALUES ($1)  [["version", "20150311224325"]]
  [1m[36m (0.8ms)[0m  [1mCOMMIT[0m
Migrating to AddEnvironmentToSessions (20150311234558)
  [1m[35m (0.1ms)[0m  BEGIN
  [1m[36m (0.3ms)[0m  [1mALTER TABLE "sessions" ADD "environment" character varying[0m
  [1m[35m (0.4ms)[0m  ALTER TABLE "sessions" ADD "ip" character varying
  [1m[36mSQL (0.2ms)[0m  [1mINSERT INTO "schema_migrations" ("version") VALUES ($1)[0m  [["version", "20150311234558"]]
  [1m[35m (0.3ms)[0m  COMMIT
  [1m[36mActiveRecord::SchemaMigration Load (0.2ms)[0m  [1mSELECT "schema_migrations".* FROM "schema_migrations"[0m
  [1m[35m (3.8ms)[0m  SELECT t2.oid::regclass::text AS to_table, a1.attname AS column, a2.attname AS primary_key, c.conname AS name, c.confupdtype AS on_update, c.confdeltype AS on_delete
FROM pg_constraint c
JOIN pg_class t1 ON c.conrelid = t1.oid
JOIN pg_class t2 ON c.confrelid = t2.oid
JOIN pg_attribute a1 ON a1.attnum = c.conkey[1] AND a1.attrelid = t1.oid
JOIN pg_attribute a2 ON a2.attnum = c.confkey[1] AND a2.attrelid = t2.oid
JOIN pg_namespace t3 ON c.connamespace = t3.oid
WHERE c.contype = 'f'
  AND t1.relname = 'cat_rental_requests'
  AND t3.nspname = ANY (current_schemas(false))
ORDER BY c.conname

  [1m[36m (2.9ms)[0m  [1mSELECT t2.oid::regclass::text AS to_table, a1.attname AS column, a2.attname AS primary_key, c.conname AS name, c.confupdtype AS on_update, c.confdeltype AS on_delete
FROM pg_constraint c
JOIN pg_class t1 ON c.conrelid = t1.oid
JOIN pg_class t2 ON c.confrelid = t2.oid
JOIN pg_attribute a1 ON a1.attnum = c.conkey[1] AND a1.attrelid = t1.oid
JOIN pg_attribute a2 ON a2.attnum = c.confkey[1] AND a2.attrelid = t2.oid
JOIN pg_namespace t3 ON c.connamespace = t3.oid
WHERE c.contype = 'f'
  AND t1.relname = 'cats'
  AND t3.nspname = ANY (current_schemas(false))
ORDER BY c.conname
[0m
  [1m[35m (2.7ms)[0m  SELECT t2.oid::regclass::text AS to_table, a1.attname AS column, a2.attname AS primary_key, c.conname AS name, c.confupdtype AS on_update, c.confdeltype AS on_delete
FROM pg_constraint c
JOIN pg_class t1 ON c.conrelid = t1.oid
JOIN pg_class t2 ON c.confrelid = t2.oid
JOIN pg_attribute a1 ON a1.attnum = c.conkey[1] AND a1.attrelid = t1.oid
JOIN pg_attribute a2 ON a2.attnum = c.confkey[1] AND a2.attrelid = t2.oid
JOIN pg_namespace t3 ON c.connamespace = t3.oid
WHERE c.contype = 'f'
  AND t1.relname = 'sessions'
  AND t3.nspname = ANY (current_schemas(false))
ORDER BY c.conname

  [1m[36m (3.3ms)[0m  [1mSELECT t2.oid::regclass::text AS to_table, a1.attname AS column, a2.attname AS primary_key, c.conname AS name, c.confupdtype AS on_update, c.confdeltype AS on_delete
FROM pg_constraint c
JOIN pg_class t1 ON c.conrelid = t1.oid
JOIN pg_class t2 ON c.confrelid = t2.oid
JOIN pg_attribute a1 ON a1.attnum = c.conkey[1] AND a1.attrelid = t1.oid
JOIN pg_attribute a2 ON a2.attnum = c.confkey[1] AND a2.attrelid = t2.oid
JOIN pg_namespace t3 ON c.connamespace = t3.oid
WHERE c.contype = 'f'
  AND t1.relname = 'users'
  AND t3.nspname = ANY (current_schemas(false))
ORDER BY c.conname
[0m


Started GET "/" for ::1 at 2015-03-11 18:10:24 -0700
  [1m[36mActiveRecord::SchemaMigration Load (0.4ms)[0m  [1mSELECT "schema_migrations".* FROM "schema_migrations"[0m
Processing by CatsController#index as HTML
  [1m[35mCat Load (0.7ms)[0m  SELECT "cats".* FROM "cats"
  Rendered cats/index.html.erb within layouts/application (4.3ms)
  [1m[36mUser Load (1.3ms)[0m  [1m      SELECT
        users.*
      FROM
        users
      JOIN
        sessions ON users.id = sessions.user_id
      WHERE
        sessions.token = NULL
[0m
  Rendered layouts/_messages.html.erb (0.6ms)
Completed 200 OK in 1545ms (Views: 1525.5ms | ActiveRecord: 3.4ms)


Started GET "/sessions/new" for ::1 at 2015-03-11 18:10:28 -0700
Processing by SessionsController#new as HTML
  [1m[35mUser Load (0.5ms)[0m        SELECT
        users.*
      FROM
        users
      JOIN
        sessions ON users.id = sessions.user_id
      WHERE
        sessions.token = NULL

  Rendered sessions/new.html.erb within layouts/application (1.3ms)
  [1m[36mCACHE (0.0ms)[0m  [1m      SELECT
        users.*
      FROM
        users
      JOIN
        sessions ON users.id = sessions.user_id
      WHERE
        sessions.token = NULL
[0m
  Rendered layouts/_messages.html.erb (0.4ms)
Completed 200 OK in 104ms (Views: 102.9ms | ActiveRecord: 0.5ms)


Started POST "/sessions" for ::1 at 2015-03-11 18:10:34 -0700
Processing by SessionsController#create as HTML
  Parameters: {"authenticity_token"=>"p2Yom2WZYv+iHOt3bhC2AFXc9fsfUtxHbmfl2/DHWd3oiGqrjDYAcLLqftWzG3KliFCp7w3XMhPi5NnYmIoPkg==", "user"=>{"user_name"=>"scott", "password"=>"[FILTERED]"}}
  [1m[35mUser Load (0.4ms)[0m        SELECT
        users.*
      FROM
        users
      JOIN
        sessions ON users.id = sessions.user_id
      WHERE
        sessions.token = NULL

  [1m[36mUser Load (0.2ms)[0m  [1mSELECT  "users".* FROM "users" WHERE "users"."user_name" = $1 LIMIT 1[0m  [["user_name", "scott"]]
  Rendered sessions/new.html.erb within layouts/application (0.2ms)
  [1m[35mCACHE (0.0ms)[0m        SELECT
        users.*
      FROM
        users
      JOIN
        sessions ON users.id = sessions.user_id
      WHERE
        sessions.token = NULL

  Rendered layouts/_messages.html.erb (0.1ms)
Completed 200 OK in 70ms (Views: 61.4ms | ActiveRecord: 0.8ms)


Started POST "/sessions" for ::1 at 2015-03-11 18:10:43 -0700
Processing by SessionsController#create as HTML
  Parameters: {"authenticity_token"=>"As9l9MRDeEonJ+vyuw+Y+E3mqGUaAXeEcxPY8yGBnQ5NISfELewaxTfRflBmBFxdkGr0cQiEmdD/kOTwSczLQQ==", "user"=>{"user_name"=>"Scott", "password"=>"[FILTERED]"}}
  [1m[36mUser Load (0.4ms)[0m  [1m      SELECT
        users.*
      FROM
        users
      JOIN
        sessions ON users.id = sessions.user_id
      WHERE
        sessions.token = NULL
[0m
  [1m[35mUser Load (0.2ms)[0m  SELECT  "users".* FROM "users" WHERE "users"."user_name" = $1 LIMIT 1  [["user_name", "Scott"]]
  Rendered sessions/new.html.erb within layouts/application (0.2ms)
  [1m[36mCACHE (0.0ms)[0m  [1m      SELECT
        users.*
      FROM
        users
      JOIN
        sessions ON users.id = sessions.user_id
      WHERE
        sessions.token = NULL
[0m
  Rendered layouts/_messages.html.erb (0.0ms)
Completed 200 OK in 73ms (Views: 71.6ms | ActiveRecord: 0.6ms)


Started GET "/user/new" for ::1 at 2015-03-11 18:10:53 -0700
Processing by UsersController#new as HTML
  [1m[35mUser Load (0.4ms)[0m        SELECT
        users.*
      FROM
        users
      JOIN
        sessions ON users.id = sessions.user_id
      WHERE
        sessions.token = NULL

  Rendered users/new.html.erb within layouts/application (0.7ms)
  [1m[36mCACHE (0.0ms)[0m  [1m      SELECT
        users.*
      FROM
        users
      JOIN
        sessions ON users.id = sessions.user_id
      WHERE
        sessions.token = NULL
[0m
  Rendered layouts/_messages.html.erb (0.1ms)
Completed 200 OK in 88ms (Views: 81.4ms | ActiveRecord: 3.8ms)


Started GET "/" for ::1 at 2015-03-11 18:10:57 -0700
Processing by CatsController#index as HTML
  [1m[35mCat Load (0.6ms)[0m  SELECT "cats".* FROM "cats"
  Rendered cats/index.html.erb within layouts/application (1.5ms)
  [1m[36mUser Load (0.6ms)[0m  [1m      SELECT
        users.*
      FROM
        users
      JOIN
        sessions ON users.id = sessions.user_id
      WHERE
        sessions.token = NULL
[0m
  Rendered layouts/_messages.html.erb (0.1ms)
Completed 200 OK in 68ms (Views: 66.4ms | ActiveRecord: 1.1ms)


Started GET "/user/new" for ::1 at 2015-03-11 18:11:01 -0700
Processing by UsersController#new as HTML
  [1m[35mUser Load (0.8ms)[0m        SELECT
        users.*
      FROM
        users
      JOIN
        sessions ON users.id = sessions.user_id
      WHERE
        sessions.token = NULL

  Rendered users/new.html.erb within layouts/application (0.3ms)
  [1m[36mCACHE (0.0ms)[0m  [1m      SELECT
        users.*
      FROM
        users
      JOIN
        sessions ON users.id = sessions.user_id
      WHERE
        sessions.token = NULL
[0m
  Rendered layouts/_messages.html.erb (0.1ms)
Completed 200 OK in 70ms (Views: 68.5ms | ActiveRecord: 0.8ms)


Started POST "/user" for ::1 at 2015-03-11 18:11:06 -0700
Processing by UsersController#create as HTML
  Parameters: {"authenticity_token"=>"tItHM1ZTa0FQDhTndK540T4uXDxXTQLWvS0C9i1iTkv7ZQUDv/wJzkD4gUWppbx046IAKEXI7IIxrj71RS8YBA==", "user"=>{"user_name"=>"Scott", "password"=>"[FILTERED]"}}
  [1m[35mUser Load (0.5ms)[0m        SELECT
        users.*
      FROM
        users
      JOIN
        sessions ON users.id = sessions.user_id
      WHERE
        sessions.token = NULL

  [1m[36m (0.1ms)[0m  [1mBEGIN[0m
  [1m[35mSQL (1.0ms)[0m  INSERT INTO "users" ("user_name", "password_digest", "created_at", "updated_at") VALUES ($1, $2, $3, $4) RETURNING "id"  [["user_name", "Scott"], ["password_digest", "$2a$10$Wo2jpj58MczKAAjoeAEjKOCEDTDjLNgczPGOHmEog4PpfrsBGX0y2"], ["created_at", "2015-03-12 01:11:06.647638"], ["updated_at", "2015-03-12 01:11:06.647638"]]
  [1m[36m (0.3ms)[0m  [1mCOMMIT[0m
  [1m[35m (0.1ms)[0m  BEGIN
  [1m[36mSession Exists (0.4ms)[0m  [1mSELECT  1 AS one FROM "sessions" WHERE "sessions"."token" = 'yN83KvriXEPF8YFXNZM1Ww' LIMIT 1[0m
  [1m[35mSQL (0.5ms)[0m  INSERT INTO "sessions" ("user_id", "token", "environment", "created_at", "updated_at") VALUES ($1, $2, $3, $4, $5) RETURNING "id"  [["user_id", 1], ["token", "yN83KvriXEPF8YFXNZM1Ww"], ["environment", "Chrome 41.0.2272.76"], ["created_at", "2015-03-12 01:11:06.668400"], ["updated_at", "2015-03-12 01:11:06.668400"]]
  [1m[36m (0.3ms)[0m  [1mCOMMIT[0m
Redirected to http://localhost:3000/user
Completed 302 Found in 95ms (ActiveRecord: 4.4ms)


Started GET "/user" for ::1 at 2015-03-11 18:11:06 -0700
Processing by UsersController#show as HTML
  [1m[35mUser Load (0.6ms)[0m        SELECT
        users.*
      FROM
        users
      JOIN
        sessions ON users.id = sessions.user_id
      WHERE
        sessions.token = 'yN83KvriXEPF8YFXNZM1Ww'

  Rendered users/show.html.erb within layouts/application (0.4ms)
  Rendered layouts/_messages.html.erb (0.1ms)
Completed 200 OK in 65ms (Views: 63.7ms | ActiveRecord: 0.6ms)


Started GET "/sessions" for ::1 at 2015-03-11 18:11:11 -0700
Processing by SessionsController#index as HTML
  [1m[36mUser Load (1.0ms)[0m  [1m      SELECT
        users.*
      FROM
        users
      JOIN
        sessions ON users.id = sessions.user_id
      WHERE
        sessions.token = 'yN83KvriXEPF8YFXNZM1Ww'
[0m
  [1m[35mSession Load (0.2ms)[0m  SELECT "sessions".* FROM "sessions" WHERE "sessions"."user_id" = $1  [["user_id", 1]]
  Rendered sessions/index.html.erb within layouts/application (6.6ms)
  Rendered layouts/_messages.html.erb (0.1ms)
Completed 200 OK in 84ms (Views: 67.2ms | ActiveRecord: 1.2ms)


Started GET "/sessions" for ::1 at 2015-03-11 18:11:16 -0700
Processing by SessionsController#index as HTML
  [1m[36mUser Load (0.6ms)[0m  [1m      SELECT
        users.*
      FROM
        users
      JOIN
        sessions ON users.id = sessions.user_id
      WHERE
        sessions.token = 'yN83KvriXEPF8YFXNZM1Ww'
[0m
  [1m[35mSession Load (0.2ms)[0m  SELECT "sessions".* FROM "sessions" WHERE "sessions"."user_id" = $1  [["user_id", 1]]
  Rendered sessions/index.html.erb within layouts/application (1.6ms)
  Rendered layouts/_messages.html.erb (0.1ms)
Completed 200 OK in 90ms (Views: 87.9ms | ActiveRecord: 0.8ms)
