  [1m[36m (315.2ms)[0m  [1mCREATE DATABASE "music_inventory_development" ENCODING = 'unicode'[0m
  [1m[36m (5.4ms)[0m  [1mCREATE TABLE "schema_migrations" ("version" character varying NOT NULL) [0m
  [1m[35m (1.6ms)[0m  CREATE UNIQUE INDEX  "unique_schema_migrations" ON "schema_migrations"  ("version")
  [1m[36mActiveRecord::SchemaMigration Load (0.4ms)[0m  [1mSELECT "schema_migrations".* FROM "schema_migrations"[0m
  [1m[36mActiveRecord::SchemaMigration Load (0.3ms)[0m  [1mSELECT "schema_migrations".* FROM "schema_migrations"[0m
Migrating to CreateUsers (20150312192456)
  [1m[35m (0.1ms)[0m  BEGIN
DEPRECATION WARNING: `#timestamp` was called without specifying an option for `null`. In Rails 5, this behavior will change to `null: false`. You should manually specify `null: true` to prevent the behavior of your existing migrations from changing. (called from block in change at /Users/Scott/Copy/appacademy/daily_work/w4d4/music_inventory/db/migrate/20150312192456_create_users.rb:8)
  [1m[36m (5.8ms)[0m  [1mCREATE TABLE "users" ("id" serial primary key, "email" character varying NOT NULL, "password_digest" character varying NOT NULL, "auth_token" character varying NOT NULL, "created_at" timestamp, "updated_at" timestamp) [0m
  [1m[35m (1.0ms)[0m  ROLLBACK
  [1m[36mActiveRecord::SchemaMigration Load (1.2ms)[0m  [1mSELECT "schema_migrations".* FROM "schema_migrations"[0m
Migrating to CreateUsers (20150312192456)
  [1m[35m (0.1ms)[0m  BEGIN
DEPRECATION WARNING: `#timestamp` was called without specifying an option for `null`. In Rails 5, this behavior will change to `null: false`. You should manually specify `null: true` to prevent the behavior of your existing migrations from changing. (called from block in change at /Users/Scott/Copy/appacademy/daily_work/w4d4/music_inventory/db/migrate/20150312192456_create_users.rb:8)
  [1m[36m (4.1ms)[0m  [1mCREATE TABLE "users" ("id" serial primary key, "email" character varying NOT NULL, "password_digest" character varying NOT NULL, "auth_token" character varying NOT NULL, "created_at" timestamp, "updated_at" timestamp) [0m
  [1m[35m (1.1ms)[0m  CREATE UNIQUE INDEX  "index_users_on_email" ON "users"  ("email")
  [1m[36m (0.7ms)[0m  [1mCREATE UNIQUE INDEX  "index_users_on_auth_token" ON "users"  ("auth_token")[0m
  [1m[35mSQL (0.3ms)[0m  INSERT INTO "schema_migrations" ("version") VALUES ($1)  [["version", "20150312192456"]]
  [1m[36m (0.6ms)[0m  [1mCOMMIT[0m
  [1m[35mActiveRecord::SchemaMigration Load (0.2ms)[0m  SELECT "schema_migrations".* FROM "schema_migrations"
  [1m[36m (3.7ms)[0m  [1mSELECT t2.oid::regclass::text AS to_table, a1.attname AS column, a2.attname AS primary_key, c.conname AS name, c.confupdtype AS on_update, c.confdeltype AS on_delete
FROM pg_constraint c
JOIN pg_class t1 ON c.conrelid = t1.oid
JOIN pg_class t2 ON c.confrelid = t2.oid
JOIN pg_attribute a1 ON a1.attnum = c.conkey[1] AND a1.attrelid = t1.oid
JOIN pg_attribute a2 ON a2.attnum = c.confkey[1] AND a2.attrelid = t2.oid
JOIN pg_namespace t3 ON c.connamespace = t3.oid
WHERE c.contype = 'f'
  AND t1.relname = 'users'
  AND t3.nspname = ANY (current_schemas(false))
ORDER BY c.conname
[0m
